<?xml version="1.0" encoding="UTF-8"?>
<!-- Generated by org.testng.reporters.JUnitXMLReporter -->
<testsuite ignored="0" hostname="GayathiriSD" failures="1" tests="1" name="MobileTests" time="0.505" errors="0" timestamp="2025-11-26T18:15:24 IST">
  <testcase classname="com.AssessmentOnline.AssessmentOnline" name="testLocators" time="0.404">
    <failure type="org.openqa.selenium.SessionNotCreatedException" message="Could not start a new session. Possible causes are invalid address of the remote server or browser start-up failure. null 
Host info: host: &amp;apos;GAYATHIRISD&amp;apos;, ip: &amp;apos;192.168.1.10&amp;apos;
Build info: version: &amp;apos;4.38.0&amp;apos;, revision: &amp;apos;6b412e825c*&amp;apos;
System info: os.name: &amp;apos;Windows 11&amp;apos;, os.arch: &amp;apos;amd64&amp;apos;, os.version: &amp;apos;10.0&amp;apos;, java.version: &amp;apos;21.0.7&amp;apos;
Driver info: io.appium.java_client.android.AndroidDriver
Command: [null, newSession {capabilities=[Capabilities {appium:adbExecTimeout: 600000, appium:app: C:\Users\gayat\Desktop\Gaya..., appium:appWaitActivity: *, appium:appWaitDuration: 120000, appium:autoGrantPermissions: true, appium:automationName: UiAutomator2, appium:clearSystemFiles: true, appium:deviceName: pixel_9, appium:disableWindowAnimation: true, appium:fullReset: true, appium:noReset: false, appium:udid: emulator-5554, appium:uiautomator2ServerInstallTimeout: 300000, platformName: ANDROID}]}]
Capabilities {appium:adbExecTimeout: 600000, appium:app: C:\Users\gayat\Desktop\Gaya..., appium:appWaitActivity: *, appium:appWaitDuration: 120000, appium:autoGrantPermissions: true, appium:automationName: UiAutomator2, appium:clearSystemFiles: true, appium:deviceName: pixel_9, appium:disableWindowAnimation: true, appium:fullReset: true, appium:noReset: false, appium:udid: emulator-5554, appium:uiautomator2ServerInstallTimeout: 300000, platformName: ANDROID}">
      <![CDATA[org.openqa.selenium.SessionNotCreatedException: Could not start a new session. Possible causes are invalid address of the remote server or browser start-up failure. null 
Host info: host: 'GAYATHIRISD', ip: '192.168.1.10'
Build info: version: '4.38.0', revision: '6b412e825c*'
System info: os.name: 'Windows 11', os.arch: 'amd64', os.version: '10.0', java.version: '21.0.7'
Driver info: io.appium.java_client.android.AndroidDriver
Command: [null, newSession {capabilities=[Capabilities {appium:adbExecTimeout: 600000, appium:app: C:\Users\gayat\Desktop\Gaya..., appium:appWaitActivity: *, appium:appWaitDuration: 120000, appium:autoGrantPermissions: true, appium:automationName: UiAutomator2, appium:clearSystemFiles: true, appium:deviceName: pixel_9, appium:disableWindowAnimation: true, appium:fullReset: true, appium:noReset: false, appium:udid: emulator-5554, appium:uiautomator2ServerInstallTimeout: 300000, platformName: ANDROID}]}]
Capabilities {appium:adbExecTimeout: 600000, appium:app: C:\Users\gayat\Desktop\Gaya..., appium:appWaitActivity: *, appium:appWaitDuration: 120000, appium:autoGrantPermissions: true, appium:automationName: UiAutomator2, appium:clearSystemFiles: true, appium:deviceName: pixel_9, appium:disableWindowAnimation: true, appium:fullReset: true, appium:noReset: false, appium:udid: emulator-5554, appium:uiautomator2ServerInstallTimeout: 300000, platformName: ANDROID}
at org.openqa.selenium.remote.RemoteWebDriver.execute(RemoteWebDriver.java:578)
at io.appium.java_client.AppiumDriver.startSession(AppiumDriver.java:308)
at org.openqa.selenium.remote.RemoteWebDriver.<init>(RemoteWebDriver.java:174)
at io.appium.java_client.AppiumDriver.<init>(AppiumDriver.java:98)
at io.appium.java_client.AppiumDriver.<init>(AppiumDriver.java:109)
at io.appium.java_client.android.AndroidDriver.<init>(AndroidDriver.java:108)
at com.DriverUtility.driverUtility.initAndroidDriverSession(driverUtility.java:51)
at com.AssessmentOnline.AssessmentOnline.testLocators(AssessmentOnline.java:22)
at java.base/java.util.ArrayList.forEach(ArrayList.java:1596)
Caused by: java.io.UncheckedIOException: java.net.ConnectException
at org.openqa.selenium.remote.http.jdk.JdkHttpClient.execute0(JdkHttpClient.java:500)
at io.appium.java_client.internal.filters.AppiumIdempotencyFilter.lambda$apply$0(AppiumIdempotencyFilter.java:35)
at io.appium.java_client.internal.filters.AppiumUserAgentFilter.lambda$apply$0(AppiumUserAgentFilter.java:86)
at org.openqa.selenium.remote.http.Filter.lambda$andFinally$1(Filter.java:55)
at org.openqa.selenium.remote.http.jdk.JdkHttpClient.lambda$executeAsync$2(JdkHttpClient.java:387)
at java.base/java.util.concurrent.Executors$RunnableAdapter.call(Executors.java:572)
at java.base/java.util.concurrent.FutureTask.run(FutureTask.java:317)
at java.base/java.util.concurrent.ThreadPoolExecutor.runWorker(ThreadPoolExecutor.java:1144)
at java.base/java.util.concurrent.ThreadPoolExecutor$Worker.run(ThreadPoolExecutor.java:642)
at java.base/java.lang.Thread.run(Thread.java:1583)
Caused by: java.net.ConnectException
at java.net.http/jdk.internal.net.http.HttpClientImpl.send(HttpClientImpl.java:951)
at java.net.http/jdk.internal.net.http.HttpClientFacade.send(HttpClientFacade.java:133)
at org.openqa.selenium.remote.http.jdk.JdkHttpClient.execute0(JdkHttpClient.java:459)
... 9 more
Caused by: java.net.ConnectException
at java.net.http/jdk.internal.net.http.common.Utils.toConnectException(Utils.java:1041)
at java.net.http/jdk.internal.net.http.PlainHttpConnection.connectAsync(PlainHttpConnection.java:227)
at java.net.http/jdk.internal.net.http.PlainHttpConnection.checkRetryConnect(PlainHttpConnection.java:280)
at java.net.http/jdk.internal.net.http.PlainHttpConnection.lambda$connectAsync$2(PlainHttpConnection.java:238)
at java.base/java.util.concurrent.CompletableFuture.uniHandle(CompletableFuture.java:934)
at java.base/java.util.concurrent.CompletableFuture$UniHandle.tryFire(CompletableFuture.java:911)
at java.base/java.util.concurrent.CompletableFuture.postComplete(CompletableFuture.java:510)
at java.base/java.util.concurrent.CompletableFuture$AsyncSupply.run(CompletableFuture.java:1773)
... 3 more
Caused by: java.nio.channels.ClosedChannelException
at java.base/sun.nio.ch.SocketChannelImpl.ensureOpen(SocketChannelImpl.java:202)
at java.base/sun.nio.ch.SocketChannelImpl.beginConnect(SocketChannelImpl.java:786)
at java.base/sun.nio.ch.SocketChannelImpl.connect(SocketChannelImpl.java:874)
at java.net.http/jdk.internal.net.http.PlainHttpConnection.lambda$connectAsync$1(PlainHttpConnection.java:210)
at java.base/java.security.AccessController.doPrivileged(AccessController.java:571)
at java.net.http/jdk.internal.net.http.PlainHttpConnection.connectAsync(PlainHttpConnection.java:212)
... 9 more
... Removed 29 stack frames]]>
    </failure>
  </testcase> <!-- testLocators -->
</testsuite> <!-- MobileTests -->
