<?xml version="1.0" encoding="UTF-8"?>
<testng-results ignored="0" total="1" passed="1" failed="0" skipped="0">
  <reporter-output>
  </reporter-output>
  <suite started-at="2025-11-26T16:47:11 IST" name="Default suite" finished-at="2025-11-26T16:58:03 IST" duration-ms="651599">
    <groups>
    </groups>
    <test started-at="2025-11-26T16:47:11 IST" name="Default test" finished-at="2025-11-26T16:58:03 IST" duration-ms="651599">
      <class name="com.AssessmentOnline.AssessmentOffline">
        <test-method signature="testLocators()[pri:0, instance:com.AssessmentOnline.AssessmentOffline@17bffc17]" started-at="2025-11-26T16:47:11 IST" name="testLocators" finished-at="2025-11-26T16:58:03 IST" duration-ms="651379" status="PASS">
          <reporter-output>
          </reporter-output>
        </test-method> <!-- testLocators -->
      </class> <!-- com.AssessmentOnline.AssessmentOffline -->
    </test> <!-- Default test -->
  </suite> <!-- Default suite -->
</testng-results>
