<?xml version="1.0" encoding="UTF-8"?>
<testng-results ignored="0" total="1" passed="1" failed="0" skipped="0">
  <reporter-output>
  </reporter-output>
  <suite started-at="2025-11-26T14:30:40 IST" name="Default suite" finished-at="2025-11-26T14:39:29 IST" duration-ms="528457">
    <groups>
    </groups>
    <test started-at="2025-11-26T14:30:40 IST" name="Default test" finished-at="2025-11-26T14:39:29 IST" duration-ms="528457">
      <class name="com.AssessmentOnline.AssessmentOnline">
        <test-method signature="testLocators()[pri:0, instance:com.AssessmentOnline.AssessmentOnline@17bffc17]" started-at="2025-11-26T14:30:40 IST" name="testLocators" finished-at="2025-11-26T14:39:29 IST" duration-ms="528318" status="PASS">
          <reporter-output>
          </reporter-output>
        </test-method> <!-- testLocators -->
      </class> <!-- com.AssessmentOnline.AssessmentOnline -->
    </test> <!-- Default test -->
  </suite> <!-- Default suite -->
</testng-results>
